{
  "RSpec": {
    "coverage": {
      "/Users/mayutakeda/turing/3mod/challenges/viewing_party_lite_auth/app/helpers/application_helper.rb": {
        "lines": [
          null,
          null,
          1,
          null
        ]
      },
      "/Users/mayutakeda/turing/3mod/challenges/viewing_party_lite_auth/app/helpers/welcome_helper.rb": {
        "lines": [
          1,
          null
        ]
      },
      "/Users/mayutakeda/turing/3mod/challenges/viewing_party_lite_auth/app/models/user.rb": {
        "lines": [
          1,
          1,
          1,
          null,
          1,
          null,
          1,
          1,
          null,
          1,
          11,
          null,
          null
        ]
      },
      "/Users/mayutakeda/turing/3mod/challenges/viewing_party_lite_auth/app/models/application_record.rb": {
        "lines": [
          null,
          null,
          1,
          1,
          null
        ]
      },
      "/Users/mayutakeda/turing/3mod/challenges/viewing_party_lite_auth/app/models/viewing_party.rb": {
        "lines": [
          1,
          1,
          1,
          1,
          1,
          null,
          1,
          1,
          null,
          1,
          21,
          null,
          null,
          null,
          null,
          null,
          null,
          1,
          6,
          null,
          null,
          1,
          14,
          null,
          null
        ]
      },
      "/Users/mayutakeda/turing/3mod/challenges/viewing_party_lite_auth/app/models/viewing_party_user.rb": {
        "lines": [
          1,
          1,
          1,
          null,
          1,
          null
        ]
      },
      "/Users/mayutakeda/turing/3mod/challenges/viewing_party_lite_auth/app/facades/movie_facade.rb": {
        "lines": [
          1,
          1,
          18,
          null,
          null,
          1,
          37,
          null,
          null,
          1,
          5,
          5,
          100,
          null,
          null,
          null,
          1,
          3,
          3,
          47,
          null,
          null,
          null
        ]
      },
      "/Users/mayutakeda/turing/3mod/challenges/viewing_party_lite_auth/app/poros/movie.rb": {
        "lines": [
          1,
          1,
          null,
          null,
          null,
          null,
          null,
          null,
          null,
          null,
          null,
          null,
          1,
          38,
          38,
          38,
          38,
          38,
          114,
          38,
          1784,
          1784,
          38,
          38,
          null,
          null,
          1,
          5,
          5,
          50,
          null,
          5,
          null,
          null
        ]
      },
      "/Users/mayutakeda/turing/3mod/challenges/viewing_party_lite_auth/app/services/movie_service.rb": {
        "lines": [
          1,
          1,
          38,
          38,
          null,
          null,
          1,
          6,
          6,
          null,
          null,
          1,
          4,
          4,
          4,
          null,
          null,
          1,
          37,
          37,
          null,
          null,
          1,
          37,
          37,
          null,
          null,
          1,
          122,
          null,
          null,
          1,
          118,
          null,
          null
        ]
      },
      "/Users/mayutakeda/turing/3mod/challenges/viewing_party_lite_auth/app/poros/movie_result.rb": {
        "lines": [
          1,
          1,
          null,
          1,
          148,
          148,
          148,
          null,
          null
        ]
      },
      "/Users/mayutakeda/turing/3mod/challenges/viewing_party_lite_auth/app/controllers/movies_controller.rb": {
        "lines": [
          1,
          1,
          8,
          null,
          null,
          1,
          5,
          5,
          null,
          null,
          1,
          7,
          4,
          4,
          3,
          1,
          1,
          null,
          2,
          2,
          null,
          null,
          null
        ]
      },
      "/Users/mayutakeda/turing/3mod/challenges/viewing_party_lite_auth/app/controllers/application_controller.rb": {
        "lines": [
          null,
          null,
          1,
          1,
          5,
          null,
          null
        ]
      },
      "/Users/mayutakeda/turing/3mod/challenges/viewing_party_lite_auth/app/controllers/welcome_controller.rb": {
        "lines": [
          1,
          1,
          6,
          null,
          null
        ]
      },
      "/Users/mayutakeda/turing/3mod/challenges/viewing_party_lite_auth/app/controllers/users_controller.rb": {
        "lines": [
          1,
          1,
          null,
          1,
          7,
          7,
          7,
          7,
          null,
          null,
          1,
          9,
          9,
          14,
          9,
          null,
          null,
          1,
          null,
          null,
          null,
          1,
          2,
          2,
          null,
          null,
          1,
          1,
          14,
          null,
          null,
          1,
          7,
          2,
          2,
          5,
          1,
          1,
          1,
          null,
          4,
          4,
          null,
          null,
          null,
          1,
          2,
          1,
          1,
          null,
          1,
          1,
          null,
          null,
          null
        ]
      },
      "/Users/mayutakeda/turing/3mod/challenges/viewing_party_lite_auth/app/controllers/viewing_parties_controller.rb": {
        "lines": [
          1,
          1,
          10,
          10,
          10,
          null,
          null,
          1,
          4,
          4,
          null,
          4,
          1,
          1,
          3,
          1,
          1,
          2,
          1,
          1,
          1,
          null,
          1,
          null,
          1,
          1,
          null,
          null,
          null
        ]
      }
    },
    "timestamp": 1662580726
  }
}
