{
  "RSpec": {
    "coverage": {
      "/Users/mayutakeda/turing/3mod/challenges/viewing_party_lite_auth/app/helpers/application_helper.rb": {
        "lines": [
          null,
          null,
          1,
          null
        ]
      },
      "/Users/mayutakeda/turing/3mod/challenges/viewing_party_lite_auth/app/helpers/welcome_helper.rb": {
        "lines": [
          1,
          null
        ]
      },
      "/Users/mayutakeda/turing/3mod/challenges/viewing_party_lite_auth/app/models/user.rb": {
        "lines": [
          1,
          1,
          1,
          null,
          1,
          null,
          1,
          1,
          null,
          1,
          2,
          null,
          null
        ]
      },
      "/Users/mayutakeda/turing/3mod/challenges/viewing_party_lite_auth/app/models/application_record.rb": {
        "lines": [
          null,
          null,
          1,
          1,
          null
        ]
      },
      "/Users/mayutakeda/turing/3mod/challenges/viewing_party_lite_auth/app/models/viewing_party.rb": {
        "lines": [
          1,
          1,
          1,
          1,
          1,
          null,
          1,
          1,
          null,
          1,
          15,
          null,
          null,
          null,
          null,
          null,
          null,
          1,
          4,
          null,
          null,
          1,
          10,
          null,
          null
        ]
      },
      "/Users/mayutakeda/turing/3mod/challenges/viewing_party_lite_auth/app/models/viewing_party_user.rb": {
        "lines": [
          1,
          1,
          1,
          null,
          1,
          null
        ]
      },
      "/Users/mayutakeda/turing/3mod/challenges/viewing_party_lite_auth/app/facades/movie_facade.rb": {
        "lines": [
          1,
          1,
          13,
          null,
          null,
          1,
          31,
          null,
          null,
          1,
          5,
          5,
          100,
          null,
          null,
          null,
          1,
          3,
          3,
          47,
          null,
          null,
          null
        ]
      },
      "/Users/mayutakeda/turing/3mod/challenges/viewing_party_lite_auth/app/poros/movie.rb": {
        "lines": [
          1,
          1,
          null,
          null,
          null,
          null,
          null,
          null,
          null,
          null,
          null,
          null,
          1,
          32,
          32,
          32,
          32,
          32,
          96,
          32,
          1514,
          1514,
          32,
          32,
          null,
          null,
          1,
          13,
          13,
          130,
          null,
          13,
          null,
          null
        ]
      },
      "/Users/mayutakeda/turing/3mod/challenges/viewing_party_lite_auth/app/services/movie_service.rb": {
        "lines": [
          1,
          1,
          32,
          32,
          null,
          null,
          1,
          6,
          6,
          null,
          null,
          1,
          4,
          4,
          4,
          null,
          null,
          1,
          31,
          31,
          null,
          null,
          1,
          31,
          31,
          null,
          null,
          1,
          104,
          null,
          null,
          1,
          100,
          null,
          null
        ]
      },
      "/Users/mayutakeda/turing/3mod/challenges/viewing_party_lite_auth/app/poros/movie_result.rb": {
        "lines": [
          1,
          1,
          null,
          1,
          148,
          148,
          148,
          null,
          null
        ]
      },
      "/Users/mayutakeda/turing/3mod/challenges/viewing_party_lite_auth/app/controllers/movies_controller.rb": {
        "lines": [
          1,
          1,
          8,
          null,
          null,
          1,
          13,
          13,
          null,
          null,
          1,
          7,
          4,
          4,
          3,
          1,
          1,
          null,
          2,
          2,
          null,
          null,
          null
        ]
      },
      "/Users/mayutakeda/turing/3mod/challenges/viewing_party_lite_auth/app/controllers/application_controller.rb": {
        "lines": [
          null,
          null,
          1,
          1,
          null,
          1,
          4,
          null,
          null,
          1,
          16,
          null,
          null
        ]
      },
      "/Users/mayutakeda/turing/3mod/challenges/viewing_party_lite_auth/app/controllers/welcome_controller.rb": {
        "lines": [
          1,
          1,
          11,
          null,
          null
        ]
      },
      "/Users/mayutakeda/turing/3mod/challenges/viewing_party_lite_auth/app/controllers/users_controller.rb": {
        "lines": [
          1,
          1,
          null,
          1,
          7,
          7,
          7,
          7,
          null,
          null,
          1,
          6,
          6,
          9,
          6,
          null,
          null,
          1,
          null,
          null,
          null,
          1,
          2,
          2,
          null,
          null,
          1,
          1,
          14,
          null,
          null,
          1,
          7,
          2,
          2,
          5,
          1,
          1,
          1,
          null,
          4,
          4,
          null,
          null,
          null,
          1,
          2,
          1,
          1,
          null,
          1,
          1,
          null,
          null,
          null
        ]
      },
      "/Users/mayutakeda/turing/3mod/challenges/viewing_party_lite_auth/app/controllers/viewing_parties_controller.rb": {
        "lines": [
          1,
          1,
          null,
          1,
          1,
          1,
          1,
          null,
          null,
          1,
          0,
          0,
          null,
          0,
          0,
          0,
          0,
          0,
          0,
          0,
          0,
          0,
          0,
          null,
          0,
          null,
          0,
          0,
          null,
          null,
          null,
          1,
          1,
          8,
          7,
          7,
          null,
          null,
          null
        ]
      },
      "/Users/mayutakeda/turing/3mod/challenges/viewing_party_lite_auth/app/controllers/sessions_controller.rb": {
        "lines": [
          1,
          1,
          1,
          1,
          null,
          null
        ]
      },
      "/Users/mayutakeda/turing/3mod/challenges/viewing_party_lite_auth/app/controllers/dashboard_controller.rb": {
        "lines": [
          1,
          1,
          null,
          1,
          null,
          null,
          null,
          1,
          1,
          2,
          1,
          1,
          null,
          null,
          null
        ]
      }
    },
    "timestamp": 1662605263
  }
}
